<?xml version="1.0" encoding="UTF-8"?>
<!-- Generated by org.testng.reporters.JUnitXMLReporter -->
<testsuite ignored="6" hostname="IRENEs-MacBook-Pro.local" failures="0" tests="1" name="Default test" time="1.999" errors="0" timestamp="2022-03-30T11:49:18 CST">
  <testcase classname="restAssured.Excercise2" name="deleteUser" time="1.498"/>
  <testcase classname="restAssured.Excercise2" name="updateUser" time="0.0">
    <ignored/>
  </testcase> <!-- updateUser -->
  <testcase classname="restAssured.Excercise2" name="getPetStatus" time="0.0">
    <ignored/>
  </testcase> <!-- getPetStatus -->
  <testcase classname="restAssured.Excercise2" name="orderPet" time="0.0">
    <ignored/>
  </testcase> <!-- orderPet -->
  <testcase classname="restAssured.Excercise2" name="addNewPet" time="0.0">
    <ignored/>
  </testcase> <!-- addNewPet -->
  <testcase classname="restAssured.Excercise2" name="getPet" time="0.0">
    <ignored/>
  </testcase> <!-- getPet -->
  <testcase classname="restAssured.Excercise2" name="createUser" time="0.0">
    <ignored/>
  </testcase> <!-- createUser -->
</testsuite> <!-- Default test -->
