<?xml version="1.0" encoding="UTF-8"?>
<testng-results ignored="6" total="7" passed="1" failed="0" skipped="0">
  <reporter-output>
  </reporter-output>
  <suite started-at="2022-03-30T11:49:11 CST" name="Default suite" finished-at="2022-03-30T11:49:13 CST" duration-ms="1999">
    <groups>
    </groups>
    <test started-at="2022-03-30T11:49:11 CST" name="Default test" finished-at="2022-03-30T11:49:13 CST" duration-ms="1999">
      <class name="restAssured.Excercise2">
        <test-method is-config="true" signature="startTesting()[pri:0, instance:restAssured.Excercise2@759d26fb]" started-at="2022-03-30T11:49:11 CST" name="startTesting" finished-at="2022-03-30T11:49:12 CST" duration-ms="477" status="PASS">
          <reporter-output>
          </reporter-output>
        </test-method> <!-- startTesting -->
        <test-method signature="deleteUser()[pri:0, instance:restAssured.Excercise2@759d26fb]" started-at="2022-03-30T11:49:12 CST" name="deleteUser" finished-at="2022-03-30T11:49:13 CST" duration-ms="1498" status="PASS">
          <reporter-output>
          </reporter-output>
        </test-method> <!-- deleteUser -->
      </class> <!-- restAssured.Excercise2 -->
    </test> <!-- Default test -->
  </suite> <!-- Default suite -->
</testng-results>
